c:\users\lapto\onedrive\documents\alex jack(c3075806) ap coursework\alex jack ap cw (c3075806)\smarthomesystem\x64\debug\vc143.pdb
c:\users\lapto\onedrive\documents\alex jack(c3075806) ap coursework\alex jack ap cw (c3075806)\smarthomesystem\x64\debug\vc143.idb
c:\users\lapto\onedrive\documents\alex jack(c3075806) ap coursework\alex jack ap cw (c3075806)\smarthomesystem\x64\debug\thermostat.obj
c:\users\lapto\onedrive\documents\alex jack(c3075806) ap coursework\alex jack ap cw (c3075806)\smarthomesystem\x64\debug\tempmenu.obj
c:\users\lapto\onedrive\documents\alex jack(c3075806) ap coursework\alex jack ap cw (c3075806)\smarthomesystem\x64\debug\tempmanager.obj
c:\users\lapto\onedrive\documents\alex jack(c3075806) ap coursework\alex jack ap cw (c3075806)\smarthomesystem\x64\debug\temp.obj
c:\users\lapto\onedrive\documents\alex jack(c3075806) ap coursework\alex jack ap cw (c3075806)\smarthomesystem\x64\debug\speakermenu.obj
c:\users\lapto\onedrive\documents\alex jack(c3075806) ap coursework\alex jack ap cw (c3075806)\smarthomesystem\x64\debug\speakermanager.obj
c:\users\lapto\onedrive\documents\alex jack(c3075806) ap coursework\alex jack ap cw (c3075806)\smarthomesystem\x64\debug\speaker.obj
c:\users\lapto\onedrive\documents\alex jack(c3075806) ap coursework\alex jack ap cw (c3075806)\smarthomesystem\x64\debug\socketmenu.obj
c:\users\lapto\onedrive\documents\alex jack(c3075806) ap coursework\alex jack ap cw (c3075806)\smarthomesystem\x64\debug\smarthomesystem.obj
c:\users\lapto\onedrive\documents\alex jack(c3075806) ap coursework\alex jack ap cw (c3075806)\smarthomesystem\x64\debug\radiatormenu.obj
c:\users\lapto\onedrive\documents\alex jack(c3075806) ap coursework\alex jack ap cw (c3075806)\smarthomesystem\x64\debug\radiatormanager.obj
c:\users\lapto\onedrive\documents\alex jack(c3075806) ap coursework\alex jack ap cw (c3075806)\smarthomesystem\x64\debug\radiator.obj
c:\users\lapto\onedrive\documents\alex jack(c3075806) ap coursework\alex jack ap cw (c3075806)\smarthomesystem\x64\debug\plugmanager.obj
c:\users\lapto\onedrive\documents\alex jack(c3075806) ap coursework\alex jack ap cw (c3075806)\smarthomesystem\x64\debug\plug.obj
c:\users\lapto\onedrive\documents\alex jack(c3075806) ap coursework\alex jack ap cw (c3075806)\smarthomesystem\x64\debug\menu.obj
c:\users\lapto\onedrive\documents\alex jack(c3075806) ap coursework\alex jack ap cw (c3075806)\smarthomesystem\x64\debug\lightmenu.obj
c:\users\lapto\onedrive\documents\alex jack(c3075806) ap coursework\alex jack ap cw (c3075806)\smarthomesystem\x64\debug\lightmanager.obj
c:\users\lapto\onedrive\documents\alex jack(c3075806) ap coursework\alex jack ap cw (c3075806)\smarthomesystem\x64\debug\light.obj
c:\users\lapto\onedrive\documents\alex jack(c3075806) ap coursework\alex jack ap cw (c3075806)\smarthomesystem\x64\debug\devicemanager.obj
c:\users\lapto\onedrive\documents\alex jack(c3075806) ap coursework\alex jack ap cw (c3075806)\smarthomesystem\x64\debug\device.obj
c:\users\lapto\onedrive\documents\alex jack(c3075806) ap coursework\alex jack ap cw (c3075806)\smarthomesystem\x64\debug\thermostatmenu.obj
c:\users\lapto\onedrive\documents\alex jack(c3075806) ap coursework\alex jack ap cw (c3075806)\smarthomesystem\x64\debug\thermostatmanager.obj
c:\users\lapto\onedrive\documents\alex jack(c3075806) ap coursework\alex jack ap cw (c3075806)\smarthomesystem\x64\debug\smarthomesystem.ilk
c:\users\lapto\onedrive\documents\alex jack(c3075806) ap coursework\alex jack ap cw (c3075806)\x64\debug\smarthomesystem.exe
c:\users\lapto\onedrive\documents\alex jack(c3075806) ap coursework\alex jack ap cw (c3075806)\x64\debug\smarthomesystem.pdb
c:\users\lapto\onedrive\documents\alex jack(c3075806) ap coursework\alex jack ap cw (c3075806)\smarthomesystem\x64\debug\heatingmenu.obj
c:\users\lapto\onedrive\documents\alex jack(c3075806) ap coursework\alex jack ap cw (c3075806)\smarthomesystem\x64\debug\smarthomesystem.tlog\cl.command.1.tlog
c:\users\lapto\onedrive\documents\alex jack(c3075806) ap coursework\alex jack ap cw (c3075806)\smarthomesystem\x64\debug\smarthomesystem.tlog\cl.items.tlog
c:\users\lapto\onedrive\documents\alex jack(c3075806) ap coursework\alex jack ap cw (c3075806)\smarthomesystem\x64\debug\smarthomesystem.tlog\cl.read.1.tlog
c:\users\lapto\onedrive\documents\alex jack(c3075806) ap coursework\alex jack ap cw (c3075806)\smarthomesystem\x64\debug\smarthomesystem.tlog\cl.write.1.tlog
c:\users\lapto\onedrive\documents\alex jack(c3075806) ap coursework\alex jack ap cw (c3075806)\smarthomesystem\x64\debug\smarthomesystem.tlog\link.command.1.tlog
c:\users\lapto\onedrive\documents\alex jack(c3075806) ap coursework\alex jack ap cw (c3075806)\smarthomesystem\x64\debug\smarthomesystem.tlog\link.read.1.tlog
c:\users\lapto\onedrive\documents\alex jack(c3075806) ap coursework\alex jack ap cw (c3075806)\smarthomesystem\x64\debug\smarthomesystem.tlog\link.write.1.tlog
